2022-07-05 20:17:25,158  INFO [main] Utils:112 : [TestNG] Running:
  C:\Users\El-Kheshen\AppData\Local\JetBrains\IdeaIC2021.3\temp-testng-customsuite.xml

2022-07-05 20:17:25,186  INFO [main] WebDriverManager:269 : Please answer the following questionnaire based on your experience with WebDriverManager. Thanks a lot!
2022-07-05 20:17:25,186  INFO [main] WebDriverManager:271 : ====> http://tiny.cc/wdm-survey <====
2022-07-05 20:17:25,402  INFO [main] WebDriverManager:571 : Using geckodriver 0.31.0 (since Firefox 101 is installed in your machine)
2022-07-05 20:17:25,414  INFO [main] WebDriverManager:615 : Exporting webdriver.gecko.driver as C:\Users\El-Kheshen\.m2\repository\webdriver\geckodriver\win64\0.31.0\geckodriver.exe
2022-07-05 20:59:37,807  INFO [main] Utils:112 : [TestNG] Running:
  C:\Users\El-Kheshen\AppData\Local\JetBrains\IdeaIC2021.3\temp-testng-customsuite.xml

2022-07-05 20:59:37,835  INFO [main] WebDriverManager:269 : Please answer the following questionnaire based on your experience with WebDriverManager. Thanks a lot!
2022-07-05 20:59:37,835  INFO [main] WebDriverManager:271 : ====> http://tiny.cc/wdm-survey <====
2022-07-05 20:59:38,052  INFO [main] WebDriverManager:571 : Using geckodriver 0.31.0 (since Firefox 101 is installed in your machine)
2022-07-05 20:59:38,067  INFO [main] WebDriverManager:615 : Exporting webdriver.gecko.driver as C:\Users\El-Kheshen\.m2\repository\webdriver\geckodriver\win64\0.31.0\geckodriver.exe
2022-07-05 20:59:40,253  INFO [main] TestBase:64 : driver started
2022-07-05 21:14:09,914  INFO [main] Utils:112 : [TestNG] Running:
  C:\Users\El-Kheshen\AppData\Local\JetBrains\IdeaIC2021.3\temp-testng-customsuite.xml

2022-07-05 21:14:09,930  INFO [main] WebDriverManager:269 : Please answer the following questionnaire based on your experience with WebDriverManager. Thanks a lot!
2022-07-05 21:14:09,930  INFO [main] WebDriverManager:271 : ====> http://tiny.cc/wdm-survey <====
2022-07-05 21:14:10,967  WARN [main] WebDriverManager:716 : There was an error managing geckodriver (latest version) (Cannot invoke "String.startsWith(String)" because "driverVersion" is null) ... trying again using latest driver stored in cache
2022-07-05 21:14:10,967  INFO [main] WebDriverManager:872 : Reading https://api.github.com/repos/mozilla/geckodriver/releases to seek geckodriver
2022-07-05 21:14:11,466  INFO [main] WebDriverManager:615 : Exporting webdriver.gecko.driver as C:\Users\El-Kheshen\.m2\repository\webdriver\geckodriver\win64\0.31.0\geckodriver.exe
2022-07-05 21:14:13,424  INFO [main] TestBase:64 : driver started
2022-07-05 21:14:59,049 ERROR [main] PageBase:67 : Element is clickedBy.xpath: //input[@id='id_gender2']org.openqa.selenium.TimeoutException: Expected condition failed: waiting for element to be clickable: By.xpath: //input[@id='id_gender2'] (tried for 30 second(s) with 500 milliseconds interval)
Build info: version: '3.141.59', revision: 'e82be7d358', time: '2018-11-14T08:17:03'
System info: host: 'DESKTOP-24VCBV6', ip: '192.168.1.12', os.name: 'Windows 11', os.arch: 'amd64', os.version: '10.0', java.version: '18'
Driver info: org.openqa.selenium.firefox.FirefoxDriver
Capabilities {acceptInsecureCerts: true, browserName: firefox, browserVersion: 102.0, javascriptEnabled: true, moz:accessibilityChecks: false, moz:buildID: 20220623063721, moz:geckodriverVersion: 0.31.0, moz:headless: false, moz:processID: 34344, moz:profile: C:\Users\EL-KHE~1\AppData\L..., moz:shutdownTimeout: 60000, moz:useNonSpecCompliantPointerOrigin: false, moz:webdriverClick: true, moz:windowless: false, pageLoadStrategy: normal, platform: WINDOWS, platformName: WINDOWS, platformVersion: 10.0, proxy: Proxy(), setWindowRect: true, strictFileInteractability: false, timeouts: {implicit: 0, pageLoad: 300000, script: 30000}, unhandledPromptBehavior: dismiss and notify}
Session ID: 26d5ea74-a0c1-4f9f-8e35-de4888efae81
2023-09-17 23:28:02,342  INFO [main] Utils:112 : [TestNG] Running:
  C:\Users\El-Kheshen\AppData\Local\JetBrains\IdeaIC2021.3\temp-testng-customsuite.xml

2023-09-17 23:28:02,412  INFO [main] WebDriverManager:269 : Please answer the following questionnaire based on your experience with WebDriverManager. Thanks a lot!
2023-09-17 23:28:02,414  INFO [main] WebDriverManager:271 : ====> http://tiny.cc/wdm-survey <====
2023-09-17 23:28:03,572  INFO [main] WebDriverManager:571 : Using geckodriver 0.33.0 (since Firefox 117 is installed in your machine)
2023-09-17 23:28:03,589  INFO [main] WebDriverManager:615 : Exporting webdriver.gecko.driver as C:\Users\El-Kheshen\.m2\repository\webdriver\geckodriver\win-aarch64\0.33.0\geckodriver.exe
2023-09-17 23:30:07,549  INFO [main] Utils:112 : [TestNG] Running:
  C:\Users\El-Kheshen\AppData\Local\JetBrains\IdeaIC2021.3\temp-testng-customsuite.xml

2023-09-17 23:30:07,612  INFO [main] WebDriverManager:269 : Please answer the following questionnaire based on your experience with WebDriverManager. Thanks a lot!
2023-09-17 23:30:07,612  INFO [main] WebDriverManager:271 : ====> http://tiny.cc/wdm-survey <====
2023-09-17 23:30:08,939 ERROR [main] HttpClient:150 : Error HTTP 404 executing https://chromedriver.storage.googleapis.com/LATEST_RELEASE_116
2023-09-17 23:30:08,939  WARN [main] VersionDetector:159 : Exception reading https://chromedriver.storage.googleapis.com/LATEST_RELEASE_116 to get latest version of chromedriver (Error HTTP 404 executing https://chromedriver.storage.googleapis.com/LATEST_RELEASE_116)
2023-09-17 23:30:09,366  INFO [main] WebDriverManager:615 : Exporting webdriver.chrome.driver as C:\Users\El-Kheshen\.m2\repository\webdriver\chromedriver\win32\114.0.5735.90\chromedriver.exe
2023-09-17 23:32:12,711  INFO [main] Utils:112 : [TestNG] Running:
  C:\Users\El-Kheshen\AppData\Local\JetBrains\IdeaIC2021.3\temp-testng-customsuite.xml

2023-09-17 23:32:12,796  INFO [main] WebDriverManager:269 : Please answer the following questionnaire based on your experience with WebDriverManager. Thanks a lot!
2023-09-17 23:32:12,798  INFO [main] WebDriverManager:271 : ====> http://tiny.cc/wdm-survey <====
2023-09-17 23:32:14,034 ERROR [main] HttpClient:150 : Error HTTP 404 executing https://chromedriver.storage.googleapis.com/LATEST_RELEASE_116
2023-09-17 23:32:14,035  WARN [main] VersionDetector:159 : Exception reading https://chromedriver.storage.googleapis.com/LATEST_RELEASE_116 to get latest version of chromedriver (Error HTTP 404 executing https://chromedriver.storage.googleapis.com/LATEST_RELEASE_116)
2023-09-17 23:32:14,502  INFO [main] WebDriverManager:615 : Exporting webdriver.chrome.driver as C:\Users\El-Kheshen\.m2\repository\webdriver\chromedriver\win32\114.0.5735.90\chromedriver.exe
2023-09-17 23:33:32,246  INFO [main] Utils:112 : [TestNG] Running:
  C:\Users\El-Kheshen\AppData\Local\JetBrains\IdeaIC2021.3\temp-testng-customsuite.xml

2023-09-17 23:33:32,330  INFO [main] WebDriverManager:269 : Please answer the following questionnaire based on your experience with WebDriverManager. Thanks a lot!
2023-09-17 23:33:32,332  INFO [main] WebDriverManager:271 : ====> http://tiny.cc/wdm-survey <====
2023-09-17 23:33:33,712 ERROR [main] HttpClient:150 : Error HTTP 404 executing https://chromedriver.storage.googleapis.com/LATEST_RELEASE_116
2023-09-17 23:33:33,712  WARN [main] VersionDetector:159 : Exception reading https://chromedriver.storage.googleapis.com/LATEST_RELEASE_116 to get latest version of chromedriver (Error HTTP 404 executing https://chromedriver.storage.googleapis.com/LATEST_RELEASE_116)
2023-09-17 23:33:34,342  INFO [main] WebDriverManager:615 : Exporting webdriver.chrome.driver as C:\Users\El-Kheshen\.m2\repository\webdriver\chromedriver\win32\114.0.5735.90\chromedriver.exe
2023-09-17 23:34:44,975  INFO [main] Utils:112 : [TestNG] Running:
  C:\Users\El-Kheshen\AppData\Local\JetBrains\IdeaIC2021.3\temp-testng-customsuite.xml

2023-09-17 23:34:45,042  INFO [main] WebDriverManager:269 : Please answer the following questionnaire based on your experience with WebDriverManager. Thanks a lot!
2023-09-17 23:34:45,042  INFO [main] WebDriverManager:271 : ====> http://tiny.cc/wdm-survey <====
2023-09-17 23:34:46,319 ERROR [main] HttpClient:150 : Error HTTP 404 executing https://chromedriver.storage.googleapis.com/LATEST_RELEASE_116
2023-09-17 23:34:46,321  WARN [main] VersionDetector:159 : Exception reading https://chromedriver.storage.googleapis.com/LATEST_RELEASE_116 to get latest version of chromedriver (Error HTTP 404 executing https://chromedriver.storage.googleapis.com/LATEST_RELEASE_116)
2023-09-17 23:34:46,730  INFO [main] WebDriverManager:615 : Exporting webdriver.chrome.driver as C:\Users\El-Kheshen\.m2\repository\webdriver\chromedriver\win32\114.0.5735.90\chromedriver.exe
2023-09-17 23:50:09,964  INFO [main] Utils:112 : [TestNG] Running:
  C:\Users\El-Kheshen\AppData\Local\JetBrains\IdeaIC2021.3\temp-testng-customsuite.xml

2023-09-17 23:50:11,725  INFO [main] WebDriverManager:1212 : Using chromedriver 117.0.5938.88 (resolved driver for Chrome 117)
2023-09-17 23:50:11,752  INFO [main] WebDriverManager:1564 : Reading https://chromedriver.storage.googleapis.com/ to seek chromedriver
2023-09-17 23:50:12,898  INFO [main] Downloader:131 : Downloading https://edgedl.me.gvt1.com/edgedl/chrome/chrome-for-testing/117.0.5938.88/win64/chromedriver-win64.zip
2023-09-17 23:50:18,767  INFO [main] Downloader:192 : Extracting driver from compressed file chromedriver-win64.zip
2023-09-17 23:50:18,917  INFO [main] WebDriverManager:1265 : Exporting webdriver.chrome.driver as C:\Users\El-Kheshen\.cache\selenium\chromedriver\win64\117.0.5938.88\chromedriver.exe
2023-09-17 23:51:07,131  INFO [main] Utils:112 : [TestNG] Running:
  C:\Users\El-Kheshen\AppData\Local\JetBrains\IdeaIC2021.3\temp-testng-customsuite.xml

2023-09-17 23:51:07,698  INFO [main] WebDriverManager:1212 : Using chromedriver 117.0.5938.88 (resolved driver for Chrome 117)
2023-09-17 23:51:07,737  INFO [main] WebDriverManager:1265 : Exporting webdriver.chrome.driver as C:\Users\El-Kheshen\.cache\selenium\chromedriver\win64\117.0.5938.88\chromedriver.exe
2023-09-17 23:51:09,262  INFO [main] TestBase:73 : driver started
2023-09-17 23:51:14,361 ERROR [main] PageBase:73 : Element is clickedBy.xpath: //a[@class='login']java.lang.NullPointerException: Cannot invoke "org.openqa.selenium.support.ui.WebDriverWait.until(java.util.function.Function)" because "this.wait" is null
2023-09-17 23:51:16,970 ERROR [main] PageBase:106 : Clear TextBy.id: email_createorg.openqa.selenium.NoSuchElementException: Unable to find element with locator By.id: email_create
For documentation on this error, please visit: https://selenium.dev/exceptions/#no_such_element
Build info: version: '4.8.1', revision: '8ebccac989'
System info: os.name: 'Windows 11', os.arch: 'amd64', os.version: '10.0', java.version: '18'
Driver info: driver.version: RemoteWebDriver
2023-09-17 23:51:16,995 ERROR [main] PageBase:96 : Element Send KeysBy.id: email_createorg.openqa.selenium.NoSuchWindowException: no such window: target window already closed
from unknown error: web view not found
  (Session info: chrome=117.0.5938.89)
Build info: version: '4.8.1', revision: '8ebccac989'
System info: os.name: 'Windows 11', os.arch: 'amd64', os.version: '10.0', java.version: '18'
Driver info: org.openqa.selenium.chrome.ChromeDriver
Command: [e01caed14b32ba0b5660d00342b65668, findElement {using=id, value=email_create}]
Capabilities {acceptInsecureCerts: false, browserName: chrome, browserVersion: 117.0.5938.89, chrome: {chromedriverVersion: 117.0.5938.88 (be6afae47212..., userDataDir: C:\Users\EL-KHE~1\AppData\L...}, fedcm:accounts: true, goog:chromeOptions: {debuggerAddress: localhost:57750}, networkConnectionEnabled: false, pageLoadStrategy: normal, platformName: WINDOWS, proxy: Proxy(), se:cdp: ws://localhost:57750/devtoo..., se:cdpVersion: 117.0.5938.89, setWindowRect: true, strictFileInteractability: false, timeouts: {implicit: 0, pageLoad: 300000, script: 30000}, unhandledPromptBehavior: dismiss and notify, webauthn:extension:credBlob: true, webauthn:extension:largeBlob: true, webauthn:extension:minPinLength: true, webauthn:extension:prf: true, webauthn:virtualAuthenticators: true}
Session ID: e01caed14b32ba0b5660d00342b65668
2023-09-17 23:51:16,997 ERROR [main] PageBase:73 : Element is clickedBy.xpath: //button[@id='SubmitCreate']/spanjava.lang.NullPointerException: Cannot invoke "org.openqa.selenium.support.ui.WebDriverWait.until(java.util.function.Function)" because "this.wait" is null
2023-09-17 23:51:16,998 ERROR [main] PageBase:73 : Element is clickedBy.xpath: //input[@id='id_gender2']java.lang.NullPointerException: Cannot invoke "org.openqa.selenium.support.ui.WebDriverWait.until(java.util.function.Function)" because "this.wait" is null
2023-09-17 23:51:17,014 ERROR [main] PageBase:85 : Element Send TextBy.id: customer_firstnameorg.openqa.selenium.NoSuchWindowException: no such window: target window already closed
from unknown error: web view not found
  (Session info: chrome=117.0.5938.89)
Build info: version: '4.8.1', revision: '8ebccac989'
System info: os.name: 'Windows 11', os.arch: 'amd64', os.version: '10.0', java.version: '18'
Driver info: org.openqa.selenium.chrome.ChromeDriver
Command: [e01caed14b32ba0b5660d00342b65668, findElement {using=id, value=customer_firstname}]
Capabilities {acceptInsecureCerts: false, browserName: chrome, browserVersion: 117.0.5938.89, chrome: {chromedriverVersion: 117.0.5938.88 (be6afae47212..., userDataDir: C:\Users\EL-KHE~1\AppData\L...}, fedcm:accounts: true, goog:chromeOptions: {debuggerAddress: localhost:57750}, networkConnectionEnabled: false, pageLoadStrategy: normal, platformName: WINDOWS, proxy: Proxy(), se:cdp: ws://localhost:57750/devtoo..., se:cdpVersion: 117.0.5938.89, setWindowRect: true, strictFileInteractability: false, timeouts: {implicit: 0, pageLoad: 300000, script: 30000}, unhandledPromptBehavior: dismiss and notify, webauthn:extension:credBlob: true, webauthn:extension:largeBlob: true, webauthn:extension:minPinLength: true, webauthn:extension:prf: true, webauthn:virtualAuthenticators: true}
Session ID: e01caed14b32ba0b5660d00342b65668
2023-09-17 23:51:17,025 ERROR [main] PageBase:85 : Element Send TextBy.id: customer_lastnameorg.openqa.selenium.NoSuchWindowException: no such window: target window already closed
from unknown error: web view not found
  (Session info: chrome=117.0.5938.89)
Build info: version: '4.8.1', revision: '8ebccac989'
System info: os.name: 'Windows 11', os.arch: 'amd64', os.version: '10.0', java.version: '18'
Driver info: org.openqa.selenium.chrome.ChromeDriver
Command: [e01caed14b32ba0b5660d00342b65668, findElement {using=id, value=customer_lastname}]
Capabilities {acceptInsecureCerts: false, browserName: chrome, browserVersion: 117.0.5938.89, chrome: {chromedriverVersion: 117.0.5938.88 (be6afae47212..., userDataDir: C:\Users\EL-KHE~1\AppData\L...}, fedcm:accounts: true, goog:chromeOptions: {debuggerAddress: localhost:57750}, networkConnectionEnabled: false, pageLoadStrategy: normal, platformName: WINDOWS, proxy: Proxy(), se:cdp: ws://localhost:57750/devtoo..., se:cdpVersion: 117.0.5938.89, setWindowRect: true, strictFileInteractability: false, timeouts: {implicit: 0, pageLoad: 300000, script: 30000}, unhandledPromptBehavior: dismiss and notify, webauthn:extension:credBlob: true, webauthn:extension:largeBlob: true, webauthn:extension:minPinLength: true, webauthn:extension:prf: true, webauthn:virtualAuthenticators: true}
Session ID: e01caed14b32ba0b5660d00342b65668
2023-09-17 23:51:17,033 ERROR [main] PageBase:85 : Element Send TextBy.id: passwdorg.openqa.selenium.NoSuchWindowException: no such window: target window already closed
from unknown error: web view not found
  (Session info: chrome=117.0.5938.89)
Build info: version: '4.8.1', revision: '8ebccac989'
System info: os.name: 'Windows 11', os.arch: 'amd64', os.version: '10.0', java.version: '18'
Driver info: org.openqa.selenium.chrome.ChromeDriver
Command: [e01caed14b32ba0b5660d00342b65668, findElement {using=id, value=passwd}]
Capabilities {acceptInsecureCerts: false, browserName: chrome, browserVersion: 117.0.5938.89, chrome: {chromedriverVersion: 117.0.5938.88 (be6afae47212..., userDataDir: C:\Users\EL-KHE~1\AppData\L...}, fedcm:accounts: true, goog:chromeOptions: {debuggerAddress: localhost:57750}, networkConnectionEnabled: false, pageLoadStrategy: normal, platformName: WINDOWS, proxy: Proxy(), se:cdp: ws://localhost:57750/devtoo..., se:cdpVersion: 117.0.5938.89, setWindowRect: true, strictFileInteractability: false, timeouts: {implicit: 0, pageLoad: 300000, script: 30000}, unhandledPromptBehavior: dismiss and notify, webauthn:extension:credBlob: true, webauthn:extension:largeBlob: true, webauthn:extension:minPinLength: true, webauthn:extension:prf: true, webauthn:virtualAuthenticators: true}
Session ID: e01caed14b32ba0b5660d00342b65668
2023-09-17 23:51:17,044 ERROR [main] PageBase:85 : Element Send TextBy.id: address1org.openqa.selenium.NoSuchWindowException: no such window: target window already closed
from unknown error: web view not found
  (Session info: chrome=117.0.5938.89)
Build info: version: '4.8.1', revision: '8ebccac989'
System info: os.name: 'Windows 11', os.arch: 'amd64', os.version: '10.0', java.version: '18'
Driver info: org.openqa.selenium.chrome.ChromeDriver
Command: [e01caed14b32ba0b5660d00342b65668, findElement {using=id, value=address1}]
Capabilities {acceptInsecureCerts: false, browserName: chrome, browserVersion: 117.0.5938.89, chrome: {chromedriverVersion: 117.0.5938.88 (be6afae47212..., userDataDir: C:\Users\EL-KHE~1\AppData\L...}, fedcm:accounts: true, goog:chromeOptions: {debuggerAddress: localhost:57750}, networkConnectionEnabled: false, pageLoadStrategy: normal, platformName: WINDOWS, proxy: Proxy(), se:cdp: ws://localhost:57750/devtoo..., se:cdpVersion: 117.0.5938.89, setWindowRect: true, strictFileInteractability: false, timeouts: {implicit: 0, pageLoad: 300000, script: 30000}, unhandledPromptBehavior: dismiss and notify, webauthn:extension:credBlob: true, webauthn:extension:largeBlob: true, webauthn:extension:minPinLength: true, webauthn:extension:prf: true, webauthn:virtualAuthenticators: true}
Session ID: e01caed14b32ba0b5660d00342b65668
2023-09-17 23:51:17,052 ERROR [main] PageBase:85 : Element Send TextBy.id: cityorg.openqa.selenium.NoSuchWindowException: no such window: target window already closed
from unknown error: web view not found
  (Session info: chrome=117.0.5938.89)
Build info: version: '4.8.1', revision: '8ebccac989'
System info: os.name: 'Windows 11', os.arch: 'amd64', os.version: '10.0', java.version: '18'
Driver info: org.openqa.selenium.chrome.ChromeDriver
Command: [e01caed14b32ba0b5660d00342b65668, findElement {using=id, value=city}]
Capabilities {acceptInsecureCerts: false, browserName: chrome, browserVersion: 117.0.5938.89, chrome: {chromedriverVersion: 117.0.5938.88 (be6afae47212..., userDataDir: C:\Users\EL-KHE~1\AppData\L...}, fedcm:accounts: true, goog:chromeOptions: {debuggerAddress: localhost:57750}, networkConnectionEnabled: false, pageLoadStrategy: normal, platformName: WINDOWS, proxy: Proxy(), se:cdp: ws://localhost:57750/devtoo..., se:cdpVersion: 117.0.5938.89, setWindowRect: true, strictFileInteractability: false, timeouts: {implicit: 0, pageLoad: 300000, script: 30000}, unhandledPromptBehavior: dismiss and notify, webauthn:extension:credBlob: true, webauthn:extension:largeBlob: true, webauthn:extension:minPinLength: true, webauthn:extension:prf: true, webauthn:virtualAuthenticators: true}
Session ID: e01caed14b32ba0b5660d00342b65668
2023-09-18 23:13:49,124  INFO [main] Utils:112 : [TestNG] Running:
  C:\Users\El-Kheshen\AppData\Local\JetBrains\IdeaIC2021.3\temp-testng-customsuite.xml

2023-09-18 23:13:50,348  INFO [main] WebDriverManager:1212 : Using chromedriver 117.0.5938.88 (resolved driver for Chrome 117)
2023-09-18 23:13:50,364  INFO [main] WebDriverManager:1265 : Exporting webdriver.chrome.driver as C:\Users\El-Kheshen\.cache\selenium\chromedriver\win64\117.0.5938.88\chromedriver.exe
2023-09-18 23:13:52,407  INFO [main] TestBase:66 : driver started
2023-09-18 23:14:24,392 ERROR [main] PageBase:55 : Element is clickedBy.xpath: //a[@class='login']org.openqa.selenium.TimeoutException: Expected condition failed: waiting for element to be clickable: By.xpath: //a[@class='login'] (tried for 30 second(s) with 500 milliseconds interval)
2023-09-18 23:14:24,403 ERROR [main] PageBase:88 : Clear TextBy.id: email_createorg.openqa.selenium.NoSuchWindowException: no such window: target window already closed
from unknown error: web view not found
  (Session info: chrome=117.0.5938.89)
Build info: version: '4.8.1', revision: '8ebccac989'
System info: os.name: 'Windows 11', os.arch: 'amd64', os.version: '10.0', java.version: '18'
Driver info: org.openqa.selenium.chrome.ChromeDriver
Command: [0c6bcad92506b2b67ea5b63a9cb223f8, findElement {using=id, value=email_create}]
Capabilities {acceptInsecureCerts: false, browserName: chrome, browserVersion: 117.0.5938.89, chrome: {chromedriverVersion: 117.0.5938.88 (be6afae47212..., userDataDir: C:\Users\EL-KHE~1\AppData\L...}, fedcm:accounts: true, goog:chromeOptions: {debuggerAddress: localhost:51965}, networkConnectionEnabled: false, pageLoadStrategy: normal, platformName: WINDOWS, proxy: Proxy(), se:cdp: ws://localhost:51965/devtoo..., se:cdpVersion: 117.0.5938.89, setWindowRect: true, strictFileInteractability: false, timeouts: {implicit: 0, pageLoad: 300000, script: 30000}, unhandledPromptBehavior: dismiss and notify, webauthn:extension:credBlob: true, webauthn:extension:largeBlob: true, webauthn:extension:minPinLength: true, webauthn:extension:prf: true, webauthn:virtualAuthenticators: true}
Session ID: 0c6bcad92506b2b67ea5b63a9cb223f8
2023-09-18 23:14:24,405 ERROR [main] PageBase:78 : Element Send KeysBy.id: email_createorg.openqa.selenium.NoSuchWindowException: no such window: target window already closed
from unknown error: web view not found
  (Session info: chrome=117.0.5938.89)
Build info: version: '4.8.1', revision: '8ebccac989'
System info: os.name: 'Windows 11', os.arch: 'amd64', os.version: '10.0', java.version: '18'
Driver info: org.openqa.selenium.chrome.ChromeDriver
Command: [0c6bcad92506b2b67ea5b63a9cb223f8, findElement {using=id, value=email_create}]
Capabilities {acceptInsecureCerts: false, browserName: chrome, browserVersion: 117.0.5938.89, chrome: {chromedriverVersion: 117.0.5938.88 (be6afae47212..., userDataDir: C:\Users\EL-KHE~1\AppData\L...}, fedcm:accounts: true, goog:chromeOptions: {debuggerAddress: localhost:51965}, networkConnectionEnabled: false, pageLoadStrategy: normal, platformName: WINDOWS, proxy: Proxy(), se:cdp: ws://localhost:51965/devtoo..., se:cdpVersion: 117.0.5938.89, setWindowRect: true, strictFileInteractability: false, timeouts: {implicit: 0, pageLoad: 300000, script: 30000}, unhandledPromptBehavior: dismiss and notify, webauthn:extension:credBlob: true, webauthn:extension:largeBlob: true, webauthn:extension:minPinLength: true, webauthn:extension:prf: true, webauthn:virtualAuthenticators: true}
Session ID: 0c6bcad92506b2b67ea5b63a9cb223f8
2023-09-18 23:14:54,610 ERROR [main] PageBase:55 : Element is clickedBy.xpath: //button[@id='SubmitCreate']/spanorg.openqa.selenium.TimeoutException: Expected condition failed: waiting for element to be clickable: By.xpath: //button[@id='SubmitCreate']/span (tried for 30 second(s) with 500 milliseconds interval)
2023-09-18 23:15:24,841 ERROR [main] PageBase:55 : Element is clickedBy.xpath: //input[@id='id_gender2']org.openqa.selenium.TimeoutException: Expected condition failed: waiting for element to be clickable: By.xpath: //input[@id='id_gender2'] (tried for 30 second(s) with 500 milliseconds interval)
2023-09-18 23:15:24,843 ERROR [main] PageBase:67 : Element Send TextBy.id: customer_firstnameorg.openqa.selenium.NoSuchWindowException: no such window: target window already closed
from unknown error: web view not found
  (Session info: chrome=117.0.5938.89)
Build info: version: '4.8.1', revision: '8ebccac989'
System info: os.name: 'Windows 11', os.arch: 'amd64', os.version: '10.0', java.version: '18'
Driver info: org.openqa.selenium.chrome.ChromeDriver
Command: [0c6bcad92506b2b67ea5b63a9cb223f8, findElement {using=id, value=customer_firstname}]
Capabilities {acceptInsecureCerts: false, browserName: chrome, browserVersion: 117.0.5938.89, chrome: {chromedriverVersion: 117.0.5938.88 (be6afae47212..., userDataDir: C:\Users\EL-KHE~1\AppData\L...}, fedcm:accounts: true, goog:chromeOptions: {debuggerAddress: localhost:51965}, networkConnectionEnabled: false, pageLoadStrategy: normal, platformName: WINDOWS, proxy: Proxy(), se:cdp: ws://localhost:51965/devtoo..., se:cdpVersion: 117.0.5938.89, setWindowRect: true, strictFileInteractability: false, timeouts: {implicit: 0, pageLoad: 300000, script: 30000}, unhandledPromptBehavior: dismiss and notify, webauthn:extension:credBlob: true, webauthn:extension:largeBlob: true, webauthn:extension:minPinLength: true, webauthn:extension:prf: true, webauthn:virtualAuthenticators: true}
Session ID: 0c6bcad92506b2b67ea5b63a9cb223f8
2023-09-18 23:15:24,844 ERROR [main] PageBase:67 : Element Send TextBy.id: customer_lastnameorg.openqa.selenium.NoSuchWindowException: no such window: target window already closed
from unknown error: web view not found
  (Session info: chrome=117.0.5938.89)
Build info: version: '4.8.1', revision: '8ebccac989'
System info: os.name: 'Windows 11', os.arch: 'amd64', os.version: '10.0', java.version: '18'
Driver info: org.openqa.selenium.chrome.ChromeDriver
Command: [0c6bcad92506b2b67ea5b63a9cb223f8, findElement {using=id, value=customer_lastname}]
Capabilities {acceptInsecureCerts: false, browserName: chrome, browserVersion: 117.0.5938.89, chrome: {chromedriverVersion: 117.0.5938.88 (be6afae47212..., userDataDir: C:\Users\EL-KHE~1\AppData\L...}, fedcm:accounts: true, goog:chromeOptions: {debuggerAddress: localhost:51965}, networkConnectionEnabled: false, pageLoadStrategy: normal, platformName: WINDOWS, proxy: Proxy(), se:cdp: ws://localhost:51965/devtoo..., se:cdpVersion: 117.0.5938.89, setWindowRect: true, strictFileInteractability: false, timeouts: {implicit: 0, pageLoad: 300000, script: 30000}, unhandledPromptBehavior: dismiss and notify, webauthn:extension:credBlob: true, webauthn:extension:largeBlob: true, webauthn:extension:minPinLength: true, webauthn:extension:prf: true, webauthn:virtualAuthenticators: true}
Session ID: 0c6bcad92506b2b67ea5b63a9cb223f8
2023-09-18 23:15:24,846 ERROR [main] PageBase:67 : Element Send TextBy.id: passwdorg.openqa.selenium.NoSuchWindowException: no such window: target window already closed
from unknown error: web view not found
  (Session info: chrome=117.0.5938.89)
Build info: version: '4.8.1', revision: '8ebccac989'
System info: os.name: 'Windows 11', os.arch: 'amd64', os.version: '10.0', java.version: '18'
Driver info: org.openqa.selenium.chrome.ChromeDriver
Command: [0c6bcad92506b2b67ea5b63a9cb223f8, findElement {using=id, value=passwd}]
Capabilities {acceptInsecureCerts: false, browserName: chrome, browserVersion: 117.0.5938.89, chrome: {chromedriverVersion: 117.0.5938.88 (be6afae47212..., userDataDir: C:\Users\EL-KHE~1\AppData\L...}, fedcm:accounts: true, goog:chromeOptions: {debuggerAddress: localhost:51965}, networkConnectionEnabled: false, pageLoadStrategy: normal, platformName: WINDOWS, proxy: Proxy(), se:cdp: ws://localhost:51965/devtoo..., se:cdpVersion: 117.0.5938.89, setWindowRect: true, strictFileInteractability: false, timeouts: {implicit: 0, pageLoad: 300000, script: 30000}, unhandledPromptBehavior: dismiss and notify, webauthn:extension:credBlob: true, webauthn:extension:largeBlob: true, webauthn:extension:minPinLength: true, webauthn:extension:prf: true, webauthn:virtualAuthenticators: true}
Session ID: 0c6bcad92506b2b67ea5b63a9cb223f8
2023-09-18 23:15:24,848 ERROR [main] PageBase:67 : Element Send TextBy.id: address1org.openqa.selenium.NoSuchWindowException: no such window: target window already closed
from unknown error: web view not found
  (Session info: chrome=117.0.5938.89)
Build info: version: '4.8.1', revision: '8ebccac989'
System info: os.name: 'Windows 11', os.arch: 'amd64', os.version: '10.0', java.version: '18'
Driver info: org.openqa.selenium.chrome.ChromeDriver
Command: [0c6bcad92506b2b67ea5b63a9cb223f8, findElement {using=id, value=address1}]
Capabilities {acceptInsecureCerts: false, browserName: chrome, browserVersion: 117.0.5938.89, chrome: {chromedriverVersion: 117.0.5938.88 (be6afae47212..., userDataDir: C:\Users\EL-KHE~1\AppData\L...}, fedcm:accounts: true, goog:chromeOptions: {debuggerAddress: localhost:51965}, networkConnectionEnabled: false, pageLoadStrategy: normal, platformName: WINDOWS, proxy: Proxy(), se:cdp: ws://localhost:51965/devtoo..., se:cdpVersion: 117.0.5938.89, setWindowRect: true, strictFileInteractability: false, timeouts: {implicit: 0, pageLoad: 300000, script: 30000}, unhandledPromptBehavior: dismiss and notify, webauthn:extension:credBlob: true, webauthn:extension:largeBlob: true, webauthn:extension:minPinLength: true, webauthn:extension:prf: true, webauthn:virtualAuthenticators: true}
Session ID: 0c6bcad92506b2b67ea5b63a9cb223f8
2023-09-18 23:15:24,851 ERROR [main] PageBase:67 : Element Send TextBy.id: cityorg.openqa.selenium.NoSuchWindowException: no such window: target window already closed
from unknown error: web view not found
  (Session info: chrome=117.0.5938.89)
Build info: version: '4.8.1', revision: '8ebccac989'
System info: os.name: 'Windows 11', os.arch: 'amd64', os.version: '10.0', java.version: '18'
Driver info: org.openqa.selenium.chrome.ChromeDriver
Command: [0c6bcad92506b2b67ea5b63a9cb223f8, findElement {using=id, value=city}]
Capabilities {acceptInsecureCerts: false, browserName: chrome, browserVersion: 117.0.5938.89, chrome: {chromedriverVersion: 117.0.5938.88 (be6afae47212..., userDataDir: C:\Users\EL-KHE~1\AppData\L...}, fedcm:accounts: true, goog:chromeOptions: {debuggerAddress: localhost:51965}, networkConnectionEnabled: false, pageLoadStrategy: normal, platformName: WINDOWS, proxy: Proxy(), se:cdp: ws://localhost:51965/devtoo..., se:cdpVersion: 117.0.5938.89, setWindowRect: true, strictFileInteractability: false, timeouts: {implicit: 0, pageLoad: 300000, script: 30000}, unhandledPromptBehavior: dismiss and notify, webauthn:extension:credBlob: true, webauthn:extension:largeBlob: true, webauthn:extension:minPinLength: true, webauthn:extension:prf: true, webauthn:virtualAuthenticators: true}
Session ID: 0c6bcad92506b2b67ea5b63a9cb223f8
